<?xml version="1.0" encoding="UTF-8"?>
<!-- Generated by org.testng.reporters.JUnitReportReporter -->
<testsuite hostname="DESKTOP-CE6T46C" failures="0" tests="2" name="CardsPageTest" time="30.088" errors="0" timestamp="2023-09-08T10:39:40 AZT" skipped="0">
  <testcase classname="CardsPageTest" name="checkCardsPageTitle" time="15.560"/>
  <testcase classname="CardsPageTest" name="checkCardIsSelected" time="14.528"/>
</testsuite> <!-- CardsPageTest -->
