<?xml version="1.0" encoding="UTF-8"?>
<!-- Generated by org.testng.reporters.JUnitReportReporter -->
<testsuite hostname="DESKTOP-CE6T46C" failures="0" tests="1" name="ABBPageTest" time="20.641" errors="0" timestamp="2023-09-08T10:39:40 AZT" skipped="0">
  <testcase classname="ABBPageTest" name="checkPageTitle" time="20.641"/>
</testsuite> <!-- ABBPageTest -->
