<?xml version="1.0" encoding="UTF-8"?>
<!-- Generated by org.testng.reporters.JUnitReportReporter -->
<testsuite hostname="DESKTOP-CE6T46C" failures="0" tests="2" name="BankTest" time="37.757" errors="0" timestamp="2023-09-08T10:39:40 AZT" skipped="0">
  <testcase classname="BankTest" name="checkNewWindow" time="21.211"/>
  <testcase classname="BankTest" name="verifyPage" time="16.546"/>
</testsuite> <!-- BankTest -->
